/home/shinobi-owl/PhD/nerf/NeRFly/install/nbv_demo/lib/python3.12/site-packages/nbv_demo/image_saver_node.py
/home/shinobi-owl/PhD/nerf/NeRFly/install/nbv_demo/lib/python3.12/site-packages/nbv_demo/snapshot_node.py
/home/shinobi-owl/PhD/nerf/NeRFly/install/nbv_demo/lib/python3.12/site-packages/nbv_demo/mission_node.py
/home/shinobi-owl/PhD/nerf/NeRFly/install/nbv_demo/lib/python3.12/site-packages/nbv_demo/__init__.py
/home/shinobi-owl/PhD/nerf/NeRFly/install/nbv_demo/lib/python3.12/site-packages/nbv_demo/__pycache__/image_saver_node.cpython-312.pyc
/home/shinobi-owl/PhD/nerf/NeRFly/install/nbv_demo/lib/python3.12/site-packages/nbv_demo/__pycache__/snapshot_node.cpython-312.pyc
/home/shinobi-owl/PhD/nerf/NeRFly/install/nbv_demo/lib/python3.12/site-packages/nbv_demo/__pycache__/mission_node.cpython-312.pyc
/home/shinobi-owl/PhD/nerf/NeRFly/install/nbv_demo/lib/python3.12/site-packages/nbv_demo/__pycache__/__init__.cpython-312.pyc
/home/shinobi-owl/PhD/nerf/NeRFly/install/nbv_demo/share/ament_index/resource_index/packages/nbv_demo
/home/shinobi-owl/PhD/nerf/NeRFly/install/nbv_demo/share/nbv_demo/package.xml
/home/shinobi-owl/PhD/nerf/NeRFly/install/nbv_demo/share/nbv_demo/launch/mission.launch.py
/home/shinobi-owl/PhD/nerf/NeRFly/install/nbv_demo/share/nbv_demo/config/mavros_pluginlists.yaml
/home/shinobi-owl/PhD/nerf/NeRFly/install/nbv_demo/share/nbv_demo/config/mission_params.yaml
/home/shinobi-owl/PhD/nerf/NeRFly/install/nbv_demo/lib/python3.12/site-packages/nbv_demo-0.1.0-py3.12.egg-info/PKG-INFO
/home/shinobi-owl/PhD/nerf/NeRFly/install/nbv_demo/lib/python3.12/site-packages/nbv_demo-0.1.0-py3.12.egg-info/top_level.txt
/home/shinobi-owl/PhD/nerf/NeRFly/install/nbv_demo/lib/python3.12/site-packages/nbv_demo-0.1.0-py3.12.egg-info/entry_points.txt
/home/shinobi-owl/PhD/nerf/NeRFly/install/nbv_demo/lib/python3.12/site-packages/nbv_demo-0.1.0-py3.12.egg-info/zip-safe
/home/shinobi-owl/PhD/nerf/NeRFly/install/nbv_demo/lib/python3.12/site-packages/nbv_demo-0.1.0-py3.12.egg-info/dependency_links.txt
/home/shinobi-owl/PhD/nerf/NeRFly/install/nbv_demo/lib/python3.12/site-packages/nbv_demo-0.1.0-py3.12.egg-info/requires.txt
/home/shinobi-owl/PhD/nerf/NeRFly/install/nbv_demo/lib/python3.12/site-packages/nbv_demo-0.1.0-py3.12.egg-info/SOURCES.txt
/home/shinobi-owl/PhD/nerf/NeRFly/install/nbv_demo/lib/nbv_demo/image_saver_node
/home/shinobi-owl/PhD/nerf/NeRFly/install/nbv_demo/lib/nbv_demo/mission_node
/home/shinobi-owl/PhD/nerf/NeRFly/install/nbv_demo/lib/nbv_demo/snapshot_node
