running egg_info
writing ../../build/nbv_demo/nbv_demo.egg-info/PKG-INFO
writing dependency_links to ../../build/nbv_demo/nbv_demo.egg-info/dependency_links.txt
writing entry points to ../../build/nbv_demo/nbv_demo.egg-info/entry_points.txt
writing requirements to ../../build/nbv_demo/nbv_demo.egg-info/requires.txt
writing top-level names to ../../build/nbv_demo/nbv_demo.egg-info/top_level.txt
reading manifest file '../../build/nbv_demo/nbv_demo.egg-info/SOURCES.txt'
writing manifest file '../../build/nbv_demo/nbv_demo.egg-info/SOURCES.txt'
running build
running build_py
copying nbv_demo/image_saver_node.py -> /home/shinobi-owl/PhD/nerf/NeRFly/build/nbv_demo/build/lib/nbv_demo
copying nbv_demo/snapshot_node.py -> /home/shinobi-owl/PhD/nerf/NeRFly/build/nbv_demo/build/lib/nbv_demo
running install
running install_lib
copying /home/shinobi-owl/PhD/nerf/NeRFly/build/nbv_demo/build/lib/nbv_demo/image_saver_node.py -> /home/shinobi-owl/PhD/nerf/NeRFly/install/nbv_demo/lib/python3.12/site-packages/nbv_demo
copying /home/shinobi-owl/PhD/nerf/NeRFly/build/nbv_demo/build/lib/nbv_demo/snapshot_node.py -> /home/shinobi-owl/PhD/nerf/NeRFly/install/nbv_demo/lib/python3.12/site-packages/nbv_demo
byte-compiling /home/shinobi-owl/PhD/nerf/NeRFly/install/nbv_demo/lib/python3.12/site-packages/nbv_demo/image_saver_node.py to image_saver_node.cpython-312.pyc
byte-compiling /home/shinobi-owl/PhD/nerf/NeRFly/install/nbv_demo/lib/python3.12/site-packages/nbv_demo/snapshot_node.py to snapshot_node.cpython-312.pyc
running install_data
copying launch/mission.launch.py -> /home/shinobi-owl/PhD/nerf/NeRFly/install/nbv_demo/share/nbv_demo/launch
copying config/mission_params.yaml -> /home/shinobi-owl/PhD/nerf/NeRFly/install/nbv_demo/share/nbv_demo/config
running install_egg_info
removing '/home/shinobi-owl/PhD/nerf/NeRFly/install/nbv_demo/lib/python3.12/site-packages/nbv_demo-0.1.0-py3.12.egg-info' (and everything under it)
Copying ../../build/nbv_demo/nbv_demo.egg-info to /home/shinobi-owl/PhD/nerf/NeRFly/install/nbv_demo/lib/python3.12/site-packages/nbv_demo-0.1.0-py3.12.egg-info
running install_scripts
Installing image_saver_node script to /home/shinobi-owl/PhD/nerf/NeRFly/install/nbv_demo/lib/nbv_demo
Installing mission_node script to /home/shinobi-owl/PhD/nerf/NeRFly/install/nbv_demo/lib/nbv_demo
Installing snapshot_node script to /home/shinobi-owl/PhD/nerf/NeRFly/install/nbv_demo/lib/nbv_demo
writing list of installed files to '/home/shinobi-owl/PhD/nerf/NeRFly/build/nbv_demo/install.log'
